# JRE version: Java(TM) SE Runtime Environment (22.0.2+9) (build 22.0.2+9-70)
# Java VM: Java HotSpot(TM) 64-Bit Server VM (22.0.2+9-70, mixed mode, sharing, tiered, compressed oops, compressed class ptrs, g1 gc, windows-amd64)
GC Precious Log:
 CardTable entry size: 512
 Card Set container configuration: InlinePtr #cards 5 size 8 Array Of Cards #cards 12 size 40 Howl #buckets 4 coarsen threshold 1843 Howl Bitmap #cards 512 size 80 coarsen threshold 460 Card regions per heap region 1 cards per card region 2048
 CPUs: 8 total, 8 available
 Memory: 7455M
 Large Page Support: Disabled
 NUMA Support: Disabled
 Compressed Oops: Enabled (32-bit)
 Heap Region Size: 1M
 Heap Min Capacity: 8M
 Heap Initial Capacity: 118M
 Heap Max Capacity: 1864M
 Pre-touch: Disabled
 Parallel Workers: 8
 Concurrent Workers: 2
 Concurrent Refinement Workers: 8
 Periodic GC: Disabled
Heap:
 garbage-first heap   total reserved 1908736K, committed 142336K, used 107804K [0x000000008b800000, 0x0000000100000000)
  region size 1024K, 33 young (33792K), 4 survivors (4096K)
 Metaspace       used 38540K, committed 39104K, reserved 1114112K
  class space    used 5509K, committed 5760K, reserved 1048576K
GC Heap History (20 events):
Event: 8.264 GC heap before
{Heap before GC invocations=7 (full 0):
 garbage-first heap   total reserved 1908736K, committed 120832K, used 95232K [0x000000008b800000, 0x0000000100000000)
  region size 1024K, 70 young (71680K), 6 survivors (6144K)
 Metaspace       used 21039K, committed 21440K, reserved 1114112K
  class space    used 2966K, committed 3136K, reserved 1048576K
}
Event: 8.286 GC heap after
{Heap after GC invocations=8 (full 0):
 garbage-first heap   total reserved 1908736K, committed 120832K, used 35840K [0x000000008b800000, 0x0000000100000000)
  region size 1024K, 6 young (6144K), 6 survivors (6144K)
 Metaspace       used 21039K, committed 21440K, reserved 1114112K
  class space    used 2966K, committed 3136K, reserved 1048576K
}
Event: 8.977 GC heap before
{Heap before GC invocations=8 (full 0):
 garbage-first heap   total reserved 1908736K, committed 120832K, used 72704K [0x000000008b800000, 0x0000000100000000)
  region size 1024K, 43 young (44032K), 6 survivors (6144K)
 Metaspace       used 21147K, committed 21504K, reserved 1114112K
  class space    used 2966K, committed 3136K, reserved 1048576K
}
Event: 9.004 GC heap after
{Heap after GC invocations=9 (full 0):
 garbage-first heap   total reserved 1908736K, committed 241664K, used 41984K [0x000000008b800000, 0x0000000100000000)
  region size 1024K, 6 young (6144K), 6 survivors (6144K)
 Metaspace       used 21147K, committed 21504K, reserved 1114112K
  class space    used 2966K, committed 3136K, reserved 1048576K
}
Event: 10.504 GC heap before
{Heap before GC invocations=10 (full 0):
 garbage-first heap   total reserved 1908736K, committed 140288K, used 119808K [0x000000008b800000, 0x0000000100000000)
  region size 1024K, 82 young (83968K), 6 survivors (6144K)
 Metaspace       used 21569K, committed 21952K, reserved 1114112K
  class space    used 3031K, committed 3200K, reserved 1048576K
}
Event: 10.532 GC heap after
{Heap after GC invocations=11 (full 0):
 garbage-first heap   total reserved 1908736K, committed 140288K, used 53248K [0x000000008b800000, 0x0000000100000000)
  region size 1024K, 11 young (11264K), 11 survivors (11264K)
 Metaspace       used 21569K, committed 21952K, reserved 1114112K
  class space    used 3031K, committed 3200K, reserved 1048576K
}
Event: 11.224 GC heap before
{Heap before GC invocations=11 (full 0):
 garbage-first heap   total reserved 1908736K, committed 140288K, used 118784K [0x000000008b800000, 0x0000000100000000)
  region size 1024K, 75 young (76800K), 11 survivors (11264K)
 Metaspace       used 21642K, committed 22016K, reserved 1114112K
  class space    used 3031K, committed 3200K, reserved 1048576K
}
Event: 11.255 GC heap after
{Heap after GC invocations=12 (full 0):
 garbage-first heap   total reserved 1908736K, committed 142336K, used 64000K [0x000000008b800000, 0x0000000100000000)
  region size 1024K, 10 young (10240K), 10 survivors (10240K)
 Metaspace       used 21642K, committed 22016K, reserved 1114112K
  class space    used 3031K, committed 3200K, reserved 1048576K
}
Event: 11.885 GC heap before
{Heap before GC invocations=12 (full 0):
 garbage-first heap   total reserved 1908736K, committed 142336K, used 121344K [0x000000008b800000, 0x0000000100000000)
  region size 1024K, 66 young (67584K), 10 survivors (10240K)
 Metaspace       used 22018K, committed 22464K, reserved 1114112K
  class space    used 3074K, committed 3264K, reserved 1048576K
}
Event: 11.907 GC heap after
{Heap after GC invocations=13 (full 0):
 garbage-first heap   total reserved 1908736K, committed 142336K, used 70144K [0x000000008b800000, 0x0000000100000000)
  region size 1024K, 6 young (6144K), 6 survivors (6144K)
 Metaspace       used 22018K, committed 22464K, reserved 1114112K
  class space    used 3074K, committed 3264K, reserved 1048576K
}
Event: 12.351 GC heap before
{Heap before GC invocations=13 (full 0):
 garbage-first heap   total reserved 1908736K, committed 142336K, used 123392K [0x000000008b800000, 0x0000000100000000)
  region size 1024K, 58 young (59392K), 6 survivors (6144K)
 Metaspace       used 22054K, committed 22464K, reserved 1114112K
  class space    used 3074K, committed 3264K, reserved 1048576K
}
Event: 12.367 GC heap after
{Heap after GC invocations=14 (full 0):
 garbage-first heap   total reserved 1908736K, committed 142336K, used 74582K [0x000000008b800000, 0x0000000100000000)
  region size 1024K, 5 young (5120K), 5 survivors (5120K)
 Metaspace       used 22054K, committed 22464K, reserved 1114112K
  class space    used 3074K, committed 3264K, reserved 1048576K
}
Event: 13.440 GC heap before
{Heap before GC invocations=15 (full 0):
 garbage-first heap   total reserved 1908736K, committed 142336K, used 125782K [0x000000008b800000, 0x0000000100000000)
  region size 1024K, 55 young (56320K), 5 survivors (5120K)
 Metaspace       used 22773K, committed 23168K, reserved 1114112K
  class space    used 3200K, committed 3392K, reserved 1048576K
}
Event: 13.451 GC heap after
{Heap after GC invocations=16 (full 0):
 garbage-first heap   total reserved 1908736K, committed 142336K, used 76867K [0x000000008b800000, 0x0000000100000000)
  region size 1024K, 4 young (4096K), 4 survivors (4096K)
 Metaspace       used 22773K, committed 23168K, reserved 1114112K
  class space    used 3200K, committed 3392K, reserved 1048576K
}
Event: 14.539 GC heap before
{Heap before GC invocations=16 (full 0):
 garbage-first heap   total reserved 1908736K, committed 142336K, used 127043K [0x000000008b800000, 0x0000000100000000)
  region size 1024K, 53 young (54272K), 4 survivors (4096K)
 Metaspace       used 25093K, committed 25472K, reserved 1114112K
  class space    used 3427K, committed 3584K, reserved 1048576K
}
Event: 14.546 GC heap after
{Heap after GC invocations=17 (full 0):
 garbage-first heap   total reserved 1908736K, committed 142336K, used 76733K [0x000000008b800000, 0x0000000100000000)
  region size 1024K, 5 young (5120K), 5 survivors (5120K)
 Metaspace       used 25093K, committed 25472K, reserved 1114112K
  class space    used 3427K, committed 3584K, reserved 1048576K
}
Event: 16.344 GC heap before
{Heap before GC invocations=17 (full 0):
 garbage-first heap   total reserved 1908736K, committed 142336K, used 127933K [0x000000008b800000, 0x0000000100000000)
  region size 1024K, 55 young (56320K), 5 survivors (5120K)
 Metaspace       used 30440K, committed 30976K, reserved 1114112K
  class space    used 4118K, committed 4352K, reserved 1048576K
}
Event: 16.350 GC heap after
{Heap after GC invocations=18 (full 0):
 garbage-first heap   total reserved 1908736K, committed 142336K, used 77573K [0x000000008b800000, 0x0000000100000000)
  region size 1024K, 3 young (3072K), 3 survivors (3072K)
 Metaspace       used 30440K, committed 30976K, reserved 1114112K
  class space    used 4118K, committed 4352K, reserved 1048576K
}
Event: 21.577 GC heap before
{Heap before GC invocations=19 (full 0):
 garbage-first heap   total reserved 1908736K, committed 142336K, used 129797K [0x000000008b800000, 0x0000000100000000)
  region size 1024K, 54 young (55296K), 3 survivors (3072K)
 Metaspace       used 35844K, committed 36352K, reserved 1114112K
  class space    used 4995K, committed 5248K, reserved 1048576K
}
Event: 21.582 GC heap after
{Heap after GC invocations=20 (full 0):
 garbage-first heap   total reserved 1908736K, committed 142336K, used 79132K [0x000000008b800000, 0x0000000100000000)
  region size 1024K, 4 young (4096K), 4 survivors (4096K)
 Metaspace       used 35844K, committed 36352K, reserved 1114112K
  class space    used 4995K, committed 5248K, reserved 1048576K
}

